Using pre-set license
Built from '2020.3/release' branch; Version is '2020.3.2f1 (8fd9074bf66c) revision 9427207'; Using compiler version '192528614'; Build Type 'Release'
OS: 'Windows 10 Home; OS build 19042.928; Version 2009; 64bit' Language: 'fr' Physical Memory: 8115 MB
BatchMode: 1, IsHumanControllingUs: 0, StartBugReporterOnCrash: 0, Is64bit: 1, IsPro: 0

 COMMAND LINE ARGUMENTS:
D:\Program Files\2020.3.2f1\Editor\Unity.exe
-adb2
-batchMode
-noUpm
-name
AssetImportWorker0
-projectPath
D:/GitWorkspace/CatLikeCodingsTutorial/CatLikeCodingSandbox
-logFile
Logs/AssetImportWorker0.log
-srvPort
53784
Successfully changed project path to: D:/GitWorkspace/CatLikeCodingsTutorial/CatLikeCodingSandbox
D:/GitWorkspace/CatLikeCodingsTutorial/CatLikeCodingSandbox
Using Asset Import Pipeline V2.
Refreshing native plugins compatible for Editor in 48.64 ms, found 0 plugins.
Preloading 0 native plugins for Editor in 0.00 ms.
Initialize engine version: 2020.3.2f1 (8fd9074bf66c)
[Subsystems] Discovering subsystems at path D:/Program Files/2020.3.2f1/Editor/Data/Resources/UnitySubsystems
[Subsystems] Discovering subsystems at path D:/GitWorkspace/CatLikeCodingsTutorial/CatLikeCodingSandbox/Assets
GfxDevice: creating device client; threaded=0
Direct3D:
    Version:  Direct3D 11.0 [level 11.0]
    Renderer: NVIDIA GeForce GTX 960M (ID=0x139b)
    Vendor:   
    VRAM:     4055 MB
    Driver:   27.21.14.6589
Shader 'Universal Render Pipeline/Particles/Lit': fallback shader 'Universal Render Pipeline/Particles/SimpleLit' not found
Initialize mono
Mono path[0] = 'D:/Program Files/2020.3.2f1/Editor/Data/Managed'
Mono path[1] = 'D:/Program Files/2020.3.2f1/Editor/Data/MonoBleedingEdge/lib/mono/unityjit'
Mono config path = 'D:/Program Files/2020.3.2f1/Editor/Data/MonoBleedingEdge/etc'
Using monoOptions --debugger-agent=transport=dt_socket,embedding=1,server=y,suspend=n,address=127.0.0.1:56656
Begin MonoManager ReloadAssembly
Registering precompiled unity dll's ...
Register platform support module: D:/Program Files/2020.3.2f1/Editor/Data/PlaybackEngines/WindowsStandaloneSupport/UnityEditor.WindowsStandalone.Extensions.dll
Registered in 0.002123 seconds.
Native extension for WindowsStandalone target not found
Refreshing native plugins compatible for Editor in 45.30 ms, found 0 plugins.
Preloading 0 native plugins for Editor in 0.00 ms.
Invoked RoslynAnalysisRunner static constructor.
RoslynAnalysisRunner will not be running.
RoslynAnalysisRunner has terminated.
Mono: successfully reloaded assembly
- Completed reload, in  1.252 seconds
Platform modules already initialized, skipping
Registering precompiled user dll's ...
Registered in 0.001818 seconds.
Begin MonoManager ReloadAssembly
Native extension for WindowsStandalone target not found
Refreshing native plugins compatible for Editor in 51.31 ms, found 0 plugins.
Preloading 0 native plugins for Editor in 0.00 ms.
Invoked RoslynAnalysisRunner static constructor.
RoslynAnalysisRunner will not be running.
RoslynAnalysisRunner has terminated.
Mono: successfully reloaded assembly
- Completed reload, in  1.144 seconds
Platform modules already initialized, skipping
========================================================================
Worker process is ready to serve import requests
Shader 'Universal Render Pipeline/Particles/Lit': fallback shader 'Universal Render Pipeline/Particles/SimpleLit' not found
Launched and connected shader compiler UnityShaderCompiler.exe after 0.14 seconds
Refreshing native plugins compatible for Editor in 0.46 ms, found 0 plugins.
Preloading 0 native plugins for Editor in 0.00 ms.
Unloading 2427 Unused Serialized files (Serialized files now loaded: 0)
System memory in use before: 115.4 MB.
System memory in use after: 115.6 MB.

Unloading 11 unused Assets to reduce memory usage. Loaded Objects now: 2873.
Total: 2.861200 ms (FindLiveObjects: 0.440700 ms CreateObjectMapping: 0.138600 ms MarkObjects: 2.174800 ms  DeleteObjects: 0.105800 ms)

========================================================================
Received Import Request.
  path: Assets/RogueNoodle
  artifactKey: Guid(f9342c031e705423a9b4a5370435f669) Importer(815301076,1909f56bfc062723c751e8b465ee728b)
Start importing Assets/RogueNoodle using Guid(f9342c031e705423a9b4a5370435f669) Importer(815301076,1909f56bfc062723c751e8b465ee728b)  -> (artifact id: '7f6d8ba62276195e93a47670ebd4f375') in 0.006219 seconds
  Import took 0.031332 seconds .

========================================================================
Received Import Request.
  Time since last request: 4.714717 seconds.
  path: Assets/Thirdparty
  artifactKey: Guid(d355b7a748961a24b86af0a7bd8be72f) Importer(815301076,1909f56bfc062723c751e8b465ee728b)
Start importing Assets/Thirdparty using Guid(d355b7a748961a24b86af0a7bd8be72f) Importer(815301076,1909f56bfc062723c751e8b465ee728b)  -> (artifact id: '820a7bd4501ac4978b598b7e1759286c') in 0.002803 seconds
  Import took 0.032699 seconds .

========================================================================
Received Prepare
Registering precompiled user dll's ...
Registered in 0.001925 seconds.
Begin MonoManager ReloadAssembly
Native extension for WindowsStandalone target not found
Refreshing native plugins compatible for Editor in 0.49 ms, found 0 plugins.
Preloading 0 native plugins for Editor in 0.00 ms.
Invoked RoslynAnalysisRunner static constructor.
RoslynAnalysisRunner will not be running.
RoslynAnalysisRunner has terminated.
Mono: successfully reloaded assembly
- Completed reload, in  1.216 seconds
Platform modules already initialized, skipping
Shader 'Universal Render Pipeline/Particles/Lit': fallback shader 'Universal Render Pipeline/Particles/SimpleLit' not found
Refreshing native plugins compatible for Editor in 0.50 ms, found 0 plugins.
Preloading 0 native plugins for Editor in 0.00 ms.
Unloading 2315 Unused Serialized files (Serialized files now loaded: 0)
System memory in use before: 108.2 MB.
System memory in use after: 108.4 MB.

Unloading 6 unused Assets to reduce memory usage. Loaded Objects now: 2876.
Total: 2.800900 ms (FindLiveObjects: 0.312700 ms CreateObjectMapping: 0.195500 ms MarkObjects: 2.212700 ms  DeleteObjects: 0.078900 ms)

========================================================================
Received Import Request.
  Time since last request: 13.528460 seconds.
  path: Assets/Rendering
  artifactKey: Guid(b9b88cea5eac6474d9fc55bf7532fb14) Importer(815301076,1909f56bfc062723c751e8b465ee728b)
Start importing Assets/Rendering using Guid(b9b88cea5eac6474d9fc55bf7532fb14) Importer(815301076,1909f56bfc062723c751e8b465ee728b)  -> (artifact id: '7566765e4b352d43ac23cf37988041a6') in 0.007549 seconds
  Import took 0.030087 seconds .

========================================================================
Received Import Request.
  Time since last request: 16.628488 seconds.
  path: Assets/Basics Section
  artifactKey: Guid(70f4314d34cb14c48ada688a41f0d90b) Importer(815301076,1909f56bfc062723c751e8b465ee728b)
Start importing Assets/Basics Section using Guid(70f4314d34cb14c48ada688a41f0d90b) Importer(815301076,1909f56bfc062723c751e8b465ee728b)  -> (artifact id: 'dcbbe4e74f04f82a8a206d56ecd72031') in 0.003039 seconds
  Import took 0.020469 seconds .

========================================================================
Received Prepare
Registering precompiled user dll's ...
Registered in 0.001881 seconds.
Begin MonoManager ReloadAssembly
Native extension for WindowsStandalone target not found
Refreshing native plugins compatible for Editor in 0.46 ms, found 0 plugins.
Preloading 0 native plugins for Editor in 0.00 ms.
Invoked RoslynAnalysisRunner static constructor.
RoslynAnalysisRunner will not be running.
RoslynAnalysisRunner has terminated.
Mono: successfully reloaded assembly
- Completed reload, in  1.029 seconds
Platform modules already initialized, skipping
Shader 'Universal Render Pipeline/Particles/Lit': fallback shader 'Universal Render Pipeline/Particles/SimpleLit' not found
Refreshing native plugins compatible for Editor in 0.51 ms, found 0 plugins.
Preloading 0 native plugins for Editor in 0.00 ms.
Unloading 2315 Unused Serialized files (Serialized files now loaded: 0)
System memory in use before: 108.2 MB.
System memory in use after: 108.4 MB.

Unloading 6 unused Assets to reduce memory usage. Loaded Objects now: 2879.
Total: 3.944000 ms (FindLiveObjects: 0.708900 ms CreateObjectMapping: 0.355300 ms MarkObjects: 2.798300 ms  DeleteObjects: 0.079000 ms)

========================================================================
Received Import Request.
  Time since last request: 12.074657 seconds.
  path: Assets/Scenes
  artifactKey: Guid(aa74080c201a6434ca04290c4d715bb2) Importer(815301076,1909f56bfc062723c751e8b465ee728b)
Start importing Assets/Scenes using Guid(aa74080c201a6434ca04290c4d715bb2) Importer(815301076,1909f56bfc062723c751e8b465ee728b)  -> (artifact id: 'b64613cf42fb0dc1ea49edfc4dedee8f') in 0.028193 seconds
  Import took 0.057108 seconds .

